<?xml version="1.0" encoding="UTF-8"?>
<testsuite xmlns:xsi="http://www.w3.org/2001/XMLSchema-instance" xsi:noNamespaceSchemaLocation="https://maven.apache.org/surefire/maven-surefire-plugin/xsd/surefire-test-report-3.0.xsd" version="3.0" name="com.jp.SIDEA.SideaApplicationTests" time="7.505" tests="1" errors="0" skipped="0" failures="0">
  <properties>
[...]
</properties>
  <testcase name="contextLoads" classname="com.jp.SIDEA.SideaApplicationTests" time="0.693">
    <system-out><![CDATA[19:54:26.133 [main] INFO org.springframework.test.context.support.AnnotationConfigContextLoaderUtils -- Could not detect default configuration classes for test class [com.jp.SIDEA.SideaApplicationTests]: SideaApplicationTests does not declare any static, non-private, non-final, nested classes annotated with @Configuration.
19:54:26.309 [main] INFO org.springframework.boot.test.context.SpringBootTestContextBootstrapper -- Found @SpringBootConfiguration com.jp.SIDEA.SideaApplication for test class com.jp.SIDEA.SideaApplicationTests

  .   ____          _            __ _ _
 /\\ / ___'_ __ _ _(_)_ __  __ _ \ \ \ \
( ( )\___ | '_ | '_| | '_ \/ _` | \ \ \ \
 \\/  ___)| |_)| | | | | || (_| |  ) ) ) )
  '  |____| .__|_| |_|_| |_\__, | / / / /
 =========|_|==============|___/=/_/_/_/
 :: Spring Boot ::                (v3.2.0)

2023-11-27T19:54:26.989-03:00  INFO 8812 --- [           main] com.jp.SIDEA.SideaApplicationTests       : Starting SideaApplicationTests using Java 21.0.1 with PID 8812 (started by Rodrigo in C:\Users\Rodrigo\Desktop\Projeto Integrador\SIDEA-Spring\SIDEA)
2023-11-27T19:54:26.991-03:00  INFO 8812 --- [           main] com.jp.SIDEA.SideaApplicationTests       : No active profile set, falling back to 1 default profile: "default"
2023-11-27T19:54:27.898-03:00  INFO 8812 --- [           main] .s.d.r.c.RepositoryConfigurationDelegate : Bootstrapping Spring Data JPA repositories in DEFAULT mode.
2023-11-27T19:54:28.006-03:00  INFO 8812 --- [           main] .s.d.r.c.RepositoryConfigurationDelegate : Finished Spring Data repository scanning in 95 ms. Found 5 JPA repository interfaces.
2023-11-27T19:54:28.701-03:00  INFO 8812 --- [           main] o.hibernate.jpa.internal.util.LogHelper  : HHH000204: Processing PersistenceUnitInfo [name: default]
2023-11-27T19:54:28.801-03:00  INFO 8812 --- [           main] org.hibernate.Version                    : HHH000412: Hibernate ORM core version 6.3.1.Final
2023-11-27T19:54:28.859-03:00  INFO 8812 --- [           main] o.h.c.internal.RegionFactoryInitiator    : HHH000026: Second-level cache disabled
2023-11-27T19:54:29.241-03:00  INFO 8812 --- [           main] o.s.o.j.p.SpringPersistenceUnitInfo      : No LoadTimeWeaver setup: ignoring JPA class transformer
2023-11-27T19:54:29.277-03:00  INFO 8812 --- [           main] com.zaxxer.hikari.HikariDataSource       : HikariPool-1 - Starting...
2023-11-27T19:54:29.578-03:00  INFO 8812 --- [           main] com.zaxxer.hikari.pool.HikariPool        : HikariPool-1 - Added connection org.postgresql.jdbc.PgConnection@2bfc2f8b
2023-11-27T19:54:29.581-03:00  INFO 8812 --- [           main] com.zaxxer.hikari.HikariDataSource       : HikariPool-1 - Start completed.
2023-11-27T19:54:29.646-03:00  WARN 8812 --- [           main] org.hibernate.orm.deprecation            : HHH90000025: PostgreSQLDialect does not need to be specified explicitly using 'hibernate.dialect' (remove the property setting and it will be selected by default)
2023-11-27T19:54:31.006-03:00  INFO 8812 --- [           main] o.h.e.t.j.p.i.JtaPlatformInitiator       : HHH000489: No JTA platform available (set 'hibernate.transaction.jta.platform' to enable JTA platform integration)
Hibernate: alter table if exists comentario drop constraint if exists FK1gcyoyuhavbjdhqr9hbulwa69
2023-11-27T19:54:31.037-03:00  WARN 8812 --- [           main] o.h.engine.jdbc.spi.SqlExceptionHelper   : SQL Warning Code: 0, SQLState: 00000
2023-11-27T19:54:31.038-03:00  WARN 8812 --- [           main] o.h.engine.jdbc.spi.SqlExceptionHelper   : relation "comentario" does not exist, skipping
Hibernate: alter table if exists denuncia drop constraint if exists FK34o1riyntc5tjcwe0ld6v4xwm
2023-11-27T19:54:31.038-03:00  WARN 8812 --- [           main] o.h.engine.jdbc.spi.SqlExceptionHelper   : SQL Warning Code: 0, SQLState: 00000
2023-11-27T19:54:31.038-03:00  WARN 8812 --- [           main] o.h.engine.jdbc.spi.SqlExceptionHelper   : relation "denuncia" does not exist, skipping
Hibernate: alter table if exists denuncia drop constraint if exists FK8nuhtbfripuygp904j3vuw2a3
2023-11-27T19:54:31.039-03:00  WARN 8812 --- [           main] o.h.engine.jdbc.spi.SqlExceptionHelper   : SQL Warning Code: 0, SQLState: 00000
2023-11-27T19:54:31.039-03:00  WARN 8812 --- [           main] o.h.engine.jdbc.spi.SqlExceptionHelper   : relation "denuncia" does not exist, skipping
Hibernate: alter table if exists usuario drop constraint if exists FKnarnicygxevka17ka017vxylt
2023-11-27T19:54:31.039-03:00  WARN 8812 --- [           main] o.h.engine.jdbc.spi.SqlExceptionHelper   : SQL Warning Code: 0, SQLState: 00000
2023-11-27T19:54:31.040-03:00  WARN 8812 --- [           main] o.h.engine.jdbc.spi.SqlExceptionHelper   : relation "usuario" does not exist, skipping
Hibernate: drop table if exists anexo cascade
2023-11-27T19:54:31.041-03:00  WARN 8812 --- [           main] o.h.engine.jdbc.spi.SqlExceptionHelper   : SQL Warning Code: 0, SQLState: 00000
2023-11-27T19:54:31.042-03:00  WARN 8812 --- [           main] o.h.engine.jdbc.spi.SqlExceptionHelper   : table "anexo" does not exist, skipping
Hibernate: drop table if exists comentario cascade
2023-11-27T19:54:31.042-03:00  WARN 8812 --- [           main] o.h.engine.jdbc.spi.SqlExceptionHelper   : SQL Warning Code: 0, SQLState: 00000
2023-11-27T19:54:31.042-03:00  WARN 8812 --- [           main] o.h.engine.jdbc.spi.SqlExceptionHelper   : table "comentario" does not exist, skipping
Hibernate: drop table if exists denuncia cascade
2023-11-27T19:54:31.043-03:00  WARN 8812 --- [           main] o.h.engine.jdbc.spi.SqlExceptionHelper   : SQL Warning Code: 0, SQLState: 00000
2023-11-27T19:54:31.043-03:00  WARN 8812 --- [           main] o.h.engine.jdbc.spi.SqlExceptionHelper   : table "denuncia" does not exist, skipping
Hibernate: drop table if exists telefone cascade
2023-11-27T19:54:31.043-03:00  WARN 8812 --- [           main] o.h.engine.jdbc.spi.SqlExceptionHelper   : SQL Warning Code: 0, SQLState: 00000
2023-11-27T19:54:31.043-03:00  WARN 8812 --- [           main] o.h.engine.jdbc.spi.SqlExceptionHelper   : table "telefone" does not exist, skipping
Hibernate: drop table if exists usuario cascade
2023-11-27T19:54:31.044-03:00  WARN 8812 --- [           main] o.h.engine.jdbc.spi.SqlExceptionHelper   : SQL Warning Code: 0, SQLState: 00000
2023-11-27T19:54:31.044-03:00  WARN 8812 --- [           main] o.h.engine.jdbc.spi.SqlExceptionHelper   : table "usuario" does not exist, skipping
Hibernate: create table anexo (tamanho numeric(38,0), id bigserial not null, md5 varchar(255), nome_arquivo varchar(255), primary key (id))
Hibernate: create table comentario (autor_id bigint, id bigserial not null, conteudo varchar(255), primary key (id))
Hibernate: create table denuncia (data_denuncia date, data_encerramento date, data_ocorrido date, sigilo integer not null, status integer not null, autor_id bigint unique, executor_id bigint unique, id bigserial not null, atividade_categoria varchar(255), bairro varchar(255), cep varchar(255), descricao varchar(255), latitude varchar(255), logradouro varchar(255), longitude varchar(255), municipio varchar(255), outras_informacoes varchar(255), parecer_tec varchar(255), protocolo varchar(255), provavel_criminoso varchar(255), referencia varchar(255), primary key (id))
Hibernate: create table telefone (id bigserial not null, ddd varchar(255), ddi varchar(255), numero varchar(255), primary key (id))
Hibernate: create table usuario (id bigserial not null, telefone_id bigint unique, cargo varchar(255), email varchar(255), login varchar(255), nome varchar(255), senha varchar(255), tipo varchar(255), primary key (id))
Hibernate: alter table if exists comentario add constraint FK1gcyoyuhavbjdhqr9hbulwa69 foreign key (autor_id) references usuario
Hibernate: alter table if exists denuncia add constraint FK34o1riyntc5tjcwe0ld6v4xwm foreign key (autor_id) references usuario
Hibernate: alter table if exists denuncia add constraint FK8nuhtbfripuygp904j3vuw2a3 foreign key (executor_id) references usuario
Hibernate: alter table if exists usuario add constraint FKnarnicygxevka17ka017vxylt foreign key (telefone_id) references telefone
2023-11-27T19:54:31.160-03:00  INFO 8812 --- [           main] j.LocalContainerEntityManagerFactoryBean : Initialized JPA EntityManagerFactory for persistence unit 'default'
2023-11-27T19:54:31.855-03:00  WARN 8812 --- [           main] JpaBaseConfiguration$JpaWebConfiguration : spring.jpa.open-in-view is enabled by default. Therefore, database queries may be performed during view rendering. Explicitly configure spring.jpa.open-in-view to disable this warning
2023-11-27T19:54:32.306-03:00  WARN 8812 --- [           main] ion$DefaultTemplateResolverConfiguration : Cannot find template location: classpath:/templates/ (please add some templates, check your Thymeleaf configuration, or set spring.thymeleaf.check-template-location=false)
2023-11-27T19:54:32.594-03:00  INFO 8812 --- [           main] com.jp.SIDEA.SideaApplicationTests       : Started SideaApplicationTests in 6.022 seconds (process running for 7.594)
]]></system-out>
    <system-err><![CDATA[WARNING: A Java agent has been loaded dynamically (C:\Users\Rodrigo\.m2\repository\net\bytebuddy\byte-buddy-agent\1.14.10\byte-buddy-agent-1.14.10.jar)
WARNING: If a serviceability tool is in use, please run with -XX:+EnableDynamicAgentLoading to hide this warning
WARNING: If a serviceability tool is not in use, please run with -Djdk.instrument.traceUsage for more information
WARNING: Dynamic loading of agents will be disallowed by default in a future release
]]></system-err>
  </testcase>
</testsuite>